<?xml version="1.0" encoding="UTF-8"?>
<!-- Generated by org.testng.reporters.JUnitReportReporter -->
<<<<<<< HEAD
<testsuite hostname="Afolabi" failures="0" tests="2" name="com.demoblaze.TestCases.SignupPageTest" time="17.889" errors="0" timestamp="2023-07-31T18:46:59 WAT" skipped="0">
  <testcase classname="com.demoblaze.TestCases.SignupPageTest" name="signUpTest" time="9.505"/>
  <system-out/>
  <testcase classname="com.demoblaze.TestCases.SignupPageTest" name="signUpTest" time="8.384"/>
=======
<testsuite hostname="JOHN-IGE" failures="0" tests="1" name="com.demoblaze.TestCases.SignupPageTest" time="23.906" errors="0" timestamp="2023-08-05T18:04:49 WAT" skipped="0">
  <testcase classname="com.demoblaze.TestCases.SignupPageTest" name="signUpTest" time="23.906"/>
>>>>>>> 9d346205b6f87677d470fe68d7dbf5631e4391a3
  <system-out/>
</testsuite> <!-- com.demoblaze.TestCases.SignupPageTest -->
