<?xml version="1.0" encoding="UTF-8"?>
<!-- Generated by org.testng.reporters.JUnitReportReporter -->
<testsuite hostname="JOHN-IGE" failures="0" tests="1" name="com.demoblaze.TestCases.SignupPageTest" time="23.906" errors="0" timestamp="2023-08-05T18:04:49 WAT" skipped="0">
  <testcase classname="com.demoblaze.TestCases.SignupPageTest" name="signUpTest" time="23.906"/>
  <system-out/>
</testsuite> <!-- com.demoblaze.TestCases.SignupPageTest -->
