<?xml version="1.0" encoding="UTF-8"?>
<!-- Generated by org.testng.reporters.JUnitReportReporter -->
<testsuite hostname="Afolabi" failures="0" tests="2" name="com.demoblaze.TestCases.SignupPageTest" time="17.889" errors="0" timestamp="2023-07-31T18:46:59 WAT" skipped="0">
  <testcase classname="com.demoblaze.TestCases.SignupPageTest" name="signUpTest" time="9.505"/>
  <system-out/>
  <testcase classname="com.demoblaze.TestCases.SignupPageTest" name="signUpTest" time="8.384"/>
  <system-out/>
</testsuite> <!-- com.demoblaze.TestCases.SignupPageTest -->
