<?xml version="1.0" encoding="UTF-8"?>
<!-- Generated by org.testng.reporters.JUnitReportReporter -->
<testsuite hostname="JOHN-IGE" failures="0" tests="1" name="com.demoblaze.TestCases.TestNow" time="16.263" errors="0" timestamp="2023-07-21T19:44:12 WAT" skipped="0">
  <testcase classname="com.demoblaze.TestCases.TestNow" name="testNow" time="16.263"/>
  <system-out/>
</testsuite> <!-- com.demoblaze.TestCases.TestNow -->
