<?xml version="1.0" encoding="UTF-8"?>
<!-- Generated by org.testng.reporters.JUnitReportReporter -->
<testsuite hostname="JOHN-IGE" failures="0" tests="2" name="com.demoblaze.TestCases.SignupPageTest" time="17.154" errors="0" timestamp="2023-07-25T15:08:39 WAT" skipped="0">
  <testcase classname="com.demoblaze.TestCases.SignupPageTest" name="signUpTest" time="8.664"/>
  <system-out/>
  <testcase classname="com.demoblaze.TestCases.SignupPageTest" name="signUpTest" time="8.490"/>
  <system-out/>
</testsuite> <!-- com.demoblaze.TestCases.SignupPageTest -->
